2024-08-30 18:18:32,927 [INFO] Activator:170 - 


2024-08-30 18:18:32,932 [INFO] Activator:171 - !SESSION log4j initialized
2024-08-30 18:18:37,909 [INFO] McuFinderGlobals:40 - Set McuFinder mode to 2 (CubeIDE integrated)
2024-08-30 18:18:39,398 [INFO] ApplicationProperties:181 - Using Application install path: C:\Program Files\STM32CubeIDE_1.5.0\STM32CubeIDE\plugins\com.st.stm32cube.common.mx_6.1.0.202011121557
2024-08-30 18:18:39,415 [INFO] DbMcusXml:71 - Set database path to: C:\Program Files\STM32CubeIDE_1.5.0\STM32CubeIDE\plugins\com.st.stm32cube.common.mx_6.1.0.202011121557\\db\/mcu/
2024-08-30 18:18:39,421 [INFO] DbBoardsPdsc:57 - Set plugin database path to: C:\Program Files\STM32CubeIDE_1.5.0\STM32CubeIDE\plugins\com.st.stm32cube.common.mx_6.1.0.202011121557\\db\/plugins/boardmanager/
2024-08-30 18:18:39,421 [INFO] DbMcus:259 - Set plugin images path to: C:\Program Files\STM32CubeIDE_1.5.0\STM32CubeIDE\plugins\com.st.stm32cube.common.mx_6.1.0.202011121557\\db\/plugins/mcufinder/images/
2024-08-30 18:18:39,422 [INFO] DbBoards:265 - Set plugin images path to: C:\Program Files\STM32CubeIDE_1.5.0\STM32CubeIDE\plugins\com.st.stm32cube.common.mx_6.1.0.202011121557\\db\/plugins/mcufinder/images/
2024-08-30 18:18:39,426 [INFO] DbExamples:329 - Set plugin images path to: C:\Program Files\STM32CubeIDE_1.5.0\STM32CubeIDE\plugins\com.st.stm32cube.common.mx_6.1.0.202011121557\\db\/plugins/mcufinder/images/
2024-08-30 18:18:39,437 [INFO] DbMcusDocs:112 - Set database path to: C:\Users\Dell\.stmcufinder\plugins\mcufinder//mcu/
2024-08-30 18:18:39,440 [INFO] DbMcusJson:63 - Set database path to: C:\Users\Dell\.stmcufinder\plugins\mcufinder//mcu/
2024-08-30 18:18:39,442 [INFO] DbBoardsDocs:112 - Set database path to: C:\Users\Dell\.stmcufinder\plugins\mcufinder//mcu/
2024-08-30 18:18:39,444 [INFO] DbBoardsJson:56 - Set database path to: C:\Users\Dell\.stmcufinder\plugins\mcufinder//mcu/
2024-08-30 18:18:39,447 [INFO] CrossReferenceDbSqlite:196 - Set database path to: C:\Users\Dell\.stmcufinder\plugins\mcufinder//mcu/cs/
2024-08-30 18:18:39,451 [INFO] DbExamplesSqlite:699 - Set database path to: C:\Users\Dell\.stmcufinder\plugins\mcufinder//mcu/
2024-08-30 18:18:39,618 [INFO] RulesReader:52 - Compatibility file has been processed (228 Rules)
2024-08-30 18:18:39,724 [INFO] MicroXplorer:565 - Detected Java Version = 1.8.0_272
2024-08-30 18:18:39,727 [INFO] DbMcusXml:71 - Set database path to: C:\Program Files\STM32CubeIDE_1.5.0\STM32CubeIDE\plugins\com.st.stm32cube.common.mx_6.1.0.202011121557\\db\/mcu/
2024-08-30 18:18:39,728 [INFO] DbBoardsPdsc:57 - Set plugin database path to: C:\Program Files\STM32CubeIDE_1.5.0\STM32CubeIDE\plugins\com.st.stm32cube.common.mx_6.1.0.202011121557\\db\/plugins/boardmanager/
2024-08-30 18:18:39,728 [INFO] DbMcus:259 - Set plugin images path to: C:\Program Files\STM32CubeIDE_1.5.0\STM32CubeIDE\plugins\com.st.stm32cube.common.mx_6.1.0.202011121557\\db\/plugins/mcufinder/images/
2024-08-30 18:18:39,729 [INFO] DbBoards:265 - Set plugin images path to: C:\Program Files\STM32CubeIDE_1.5.0\STM32CubeIDE\plugins\com.st.stm32cube.common.mx_6.1.0.202011121557\\db\/plugins/mcufinder/images/
2024-08-30 18:18:39,729 [INFO] DbExamples:329 - Set plugin images path to: C:\Program Files\STM32CubeIDE_1.5.0\STM32CubeIDE\plugins\com.st.stm32cube.common.mx_6.1.0.202011121557\\db\/plugins/mcufinder/images/
2024-08-30 18:18:39,729 [WARN] DbFile:36 - Overriding database path with different value: C:\Users\Dell\.stmcufinder\plugins\mcufinder/ => C:\Users\Dell\.stmcufinder\plugins\mcufinder
2024-08-30 18:18:39,729 [INFO] DbMcusDocs:112 - Set database path to: C:\Users\Dell\.stmcufinder\plugins\mcufinder//mcu/
2024-08-30 18:18:39,729 [WARN] DbFile:36 - Overriding database path with different value: C:\Users\Dell\.stmcufinder\plugins\mcufinder/ => C:\Users\Dell\.stmcufinder\plugins\mcufinder
2024-08-30 18:18:39,730 [INFO] DbMcusJson:63 - Set database path to: C:\Users\Dell\.stmcufinder\plugins\mcufinder//mcu/
2024-08-30 18:18:39,730 [WARN] DbFile:36 - Overriding database path with different value: C:\Users\Dell\.stmcufinder\plugins\mcufinder/ => C:\Users\Dell\.stmcufinder\plugins\mcufinder
2024-08-30 18:18:39,730 [INFO] DbBoardsDocs:112 - Set database path to: C:\Users\Dell\.stmcufinder\plugins\mcufinder//mcu/
2024-08-30 18:18:39,731 [WARN] DbFile:36 - Overriding database path with different value: C:\Users\Dell\.stmcufinder\plugins\mcufinder/ => C:\Users\Dell\.stmcufinder\plugins\mcufinder
2024-08-30 18:18:39,731 [INFO] DbBoardsJson:56 - Set database path to: C:\Users\Dell\.stmcufinder\plugins\mcufinder//mcu/
2024-08-30 18:18:39,731 [WARN] DbFile:36 - Overriding database path with different value: C:\Users\Dell\.stmcufinder\plugins\mcufinder/ => C:\Users\Dell\.stmcufinder\plugins\mcufinder
2024-08-30 18:18:39,731 [WARN] DbFile:36 - Overriding database path with different value: C:\Users\Dell\.stmcufinder\plugins\mcufinder/ => C:\Users\Dell\.stmcufinder\plugins\mcufinder
2024-08-30 18:18:39,732 [INFO] CrossReferenceDbSqlite:196 - Set database path to: C:\Users\Dell\.stmcufinder\plugins\mcufinder//mcu/cs/
2024-08-30 18:18:39,732 [WARN] DbFile:36 - Overriding database path with different value: C:\Users\Dell\.stmcufinder\plugins\mcufinder/ => C:\Users\Dell\.stmcufinder\plugins\mcufinder
2024-08-30 18:18:39,732 [INFO] DbExamplesSqlite:699 - Set database path to: C:\Users\Dell\.stmcufinder\plugins\mcufinder//mcu/
2024-08-30 18:18:39,797 [INFO] MainPanel:190 - HeapMemory: 268435456
2024-08-30 18:18:39,877 [INFO] DbMcusXml:71 - Set database path to: C:\Program Files\STM32CubeIDE_1.5.0\STM32CubeIDE\plugins\com.st.stm32cube.common.mx_6.1.0.202011121557\\db\/mcu/
2024-08-30 18:18:39,877 [INFO] DbBoardsPdsc:57 - Set plugin database path to: C:\Program Files\STM32CubeIDE_1.5.0\STM32CubeIDE\plugins\com.st.stm32cube.common.mx_6.1.0.202011121557\\db\/plugins/boardmanager/
2024-08-30 18:18:39,878 [INFO] DbMcus:259 - Set plugin images path to: C:\Program Files\STM32CubeIDE_1.5.0\STM32CubeIDE\plugins\com.st.stm32cube.common.mx_6.1.0.202011121557\\db\/plugins/mcufinder/images/
2024-08-30 18:18:39,878 [INFO] DbBoards:265 - Set plugin images path to: C:\Program Files\STM32CubeIDE_1.5.0\STM32CubeIDE\plugins\com.st.stm32cube.common.mx_6.1.0.202011121557\\db\/plugins/mcufinder/images/
2024-08-30 18:18:39,878 [INFO] DbExamples:329 - Set plugin images path to: C:\Program Files\STM32CubeIDE_1.5.0\STM32CubeIDE\plugins\com.st.stm32cube.common.mx_6.1.0.202011121557\\db\/plugins/mcufinder/images/
2024-08-30 18:18:39,879 [WARN] DbFile:36 - Overriding database path with different value: C:\Users\Dell\.stmcufinder\plugins\mcufinder/ => C:\Users\Dell\.stmcufinder\plugins\mcufinder
2024-08-30 18:18:39,879 [INFO] DbMcusDocs:112 - Set database path to: C:\Users\Dell\.stmcufinder\plugins\mcufinder//mcu/
2024-08-30 18:18:39,879 [WARN] DbFile:36 - Overriding database path with different value: C:\Users\Dell\.stmcufinder\plugins\mcufinder/ => C:\Users\Dell\.stmcufinder\plugins\mcufinder
2024-08-30 18:18:39,879 [INFO] DbMcusJson:63 - Set database path to: C:\Users\Dell\.stmcufinder\plugins\mcufinder//mcu/
2024-08-30 18:18:39,880 [WARN] DbFile:36 - Overriding database path with different value: C:\Users\Dell\.stmcufinder\plugins\mcufinder/ => C:\Users\Dell\.stmcufinder\plugins\mcufinder
2024-08-30 18:18:39,880 [INFO] DbBoardsDocs:112 - Set database path to: C:\Users\Dell\.stmcufinder\plugins\mcufinder//mcu/
2024-08-30 18:18:39,880 [WARN] DbFile:36 - Overriding database path with different value: C:\Users\Dell\.stmcufinder\plugins\mcufinder/ => C:\Users\Dell\.stmcufinder\plugins\mcufinder
2024-08-30 18:18:39,880 [INFO] DbBoardsJson:56 - Set database path to: C:\Users\Dell\.stmcufinder\plugins\mcufinder//mcu/
2024-08-30 18:18:39,880 [WARN] DbFile:36 - Overriding database path with different value: C:\Users\Dell\.stmcufinder\plugins\mcufinder/ => C:\Users\Dell\.stmcufinder\plugins\mcufinder
2024-08-30 18:18:39,880 [WARN] DbFile:36 - Overriding database path with different value: C:\Users\Dell\.stmcufinder\plugins\mcufinder/ => C:\Users\Dell\.stmcufinder\plugins\mcufinder
2024-08-30 18:18:39,881 [INFO] CrossReferenceDbSqlite:196 - Set database path to: C:\Users\Dell\.stmcufinder\plugins\mcufinder//mcu/cs/
2024-08-30 18:18:39,881 [WARN] DbFile:36 - Overriding database path with different value: C:\Users\Dell\.stmcufinder\plugins\mcufinder/ => C:\Users\Dell\.stmcufinder\plugins\mcufinder
2024-08-30 18:18:39,881 [INFO] DbExamplesSqlite:699 - Set database path to: C:\Users\Dell\.stmcufinder\plugins\mcufinder//mcu/
2024-08-30 18:18:39,905 [INFO] ApplicationProperties:181 - Using Application install path: C:\Program Files\STM32CubeIDE_1.5.0\STM32CubeIDE\plugins\com.st.stm32cube.common.mx_6.1.0.202011121557
2024-08-30 18:18:39,906 [INFO] PluginManage:178 - Search for loadable plugins [exclusion list=, ]
2024-08-30 18:18:39,909 [INFO] PluginManage:292 - Check plugin analytics
2024-08-30 18:18:40,083 [INFO] AnalyticsPlugin:225 - Accepted Software Licenses: 
2024-08-30 18:18:40,084 [INFO] AnalyticsPlugin:227 - Accepted CMSIS Pack Licenses: 
2024-08-30 18:18:40,084 [INFO] AnalyticsPlugin:229 - Accepted Firmware Licenses: 
2024-08-30 18:18:40,085 [INFO] PluginManage:342 - Loaded plugin analytics (category:tool,tabindex:-1)
2024-08-30 18:18:40,085 [INFO] PluginManage:292 - Check plugin clock
2024-08-30 18:18:40,107 [INFO] PluginManage:342 - Loaded plugin clock (category:base,tabindex:2)
2024-08-30 18:18:40,107 [INFO] PluginManage:292 - Check plugin ddr
2024-08-30 18:18:40,115 [INFO] PluginManage:342 - Loaded plugin ddr (category:tool,tabindex:6)
2024-08-30 18:18:40,115 [INFO] PluginManage:292 - Check plugin filemanager
2024-08-30 18:18:40,231 [INFO] PluginManage:342 - Loaded plugin filemanager (category:base,tabindex:10)
2024-08-30 18:18:40,231 [INFO] PluginManage:292 - Check plugin ipmanager
2024-08-30 18:18:40,244 [INFO] PluginManage:342 - Loaded plugin ipmanager (category:base,tabindex:5)
2024-08-30 18:18:40,245 [INFO] PluginManage:292 - Check plugin pinoutandconfiguration
2024-08-30 18:18:40,263 [INFO] PluginManage:342 - Loaded plugin pinoutandconfiguration (category:base,tabindex:1)
2024-08-30 18:18:40,265 [INFO] PluginManage:292 - Check plugin pinoutconfig
2024-08-30 18:18:40,370 [INFO] PluginManage:342 - Loaded plugin pinoutconfig (category:base,tabindex:0)
2024-08-30 18:18:40,370 [INFO] PluginManage:292 - Check plugin power
2024-08-30 18:18:40,389 [INFO] PluginManage:342 - Loaded plugin power (category:power,tabindex:4)
2024-08-30 18:18:40,390 [INFO] PluginManage:292 - Check plugin projectmanager
2024-08-30 18:18:40,408 [INFO] PluginManage:342 - Loaded plugin projectmanager (category:projectmanager,tabindex:3)
2024-08-30 18:18:40,408 [INFO] PluginManage:292 - Check plugin thirdparty
2024-08-30 18:18:40,647 [INFO] PluginManage:342 - Loaded plugin thirdparty (category:base,tabindex:-1)
2024-08-30 18:18:40,647 [INFO] PluginManage:292 - Check plugin tools
2024-08-30 18:18:40,648 [WARN] IntegrityCheckThread:59 - waiting for thirdparty lock release [integrity check]
2024-08-30 18:18:40,649 [INFO] IntegrityCheckThread:61 - entering critical section [integrity check]
2024-08-30 18:18:40,649 [INFO] ThirdPartyUpdaterWithRetryManager:56 - Updater plugin not ready yet. [1/15]
2024-08-30 18:18:40,731 [INFO] PluginManage:342 - Loaded plugin tools (category:base,tabindex:7)
2024-08-30 18:18:40,732 [INFO] PluginManage:292 - Check plugin tutovideos
2024-08-30 18:18:40,953 [INFO] PluginManage:342 - Loaded plugin tutovideos (category:base,tabindex:-1)
2024-08-30 18:18:40,953 [INFO] PluginManage:292 - Check plugin updater
2024-08-30 18:18:40,972 [INFO] PluginManage:342 - Loaded plugin updater (category:base,tabindex:12)
2024-08-30 18:18:40,973 [INFO] PluginManage:265 - PluginManage : Loaded plugins [13]
2024-08-30 18:18:41,164 [INFO] PinOutPanel:1434 - setPackage(No Configuration,No Configuration)
2024-08-30 18:18:41,288 [INFO] IPUIPlugin:64 - create IPUIPlugin
2024-08-30 18:18:41,288 [INFO] PluginManager:203 - loadIPPluginJar : add adc
2024-08-30 18:18:41,331 [INFO] IPUIPlugin:64 - create IPUIPlugin
2024-08-30 18:18:41,331 [INFO] PluginManager:203 - loadIPPluginJar : add aes
2024-08-30 18:18:41,387 [INFO] IPUIPlugin:64 - create IPUIPlugin
2024-08-30 18:18:41,388 [INFO] PluginManager:203 - loadIPPluginJar : add can
2024-08-30 18:18:41,422 [INFO] IPUIPlugin:64 - create IPUIPlugin
2024-08-30 18:18:41,422 [INFO] PluginManager:203 - loadIPPluginJar : add comp
2024-08-30 18:18:41,460 [INFO] IPUIPlugin:64 - create IPUIPlugin
2024-08-30 18:18:41,461 [INFO] PluginManager:203 - loadIPPluginJar : add cryp
2024-08-30 18:18:41,501 [INFO] IPUIPlugin:64 - create IPUIPlugin
2024-08-30 18:18:41,502 [INFO] PluginManager:203 - loadIPPluginJar : add dfsdm
2024-08-30 18:18:41,515 [INFO] IPUIPlugin:64 - create IPUIPlugin
2024-08-30 18:18:41,516 [INFO] PluginManager:203 - loadIPPluginJar : add dma
2024-08-30 18:18:41,548 [INFO] IPUIPlugin:64 - create IPUIPlugin
2024-08-30 18:18:41,549 [INFO] PluginManager:203 - loadIPPluginJar : add fatfs
2024-08-30 18:18:41,603 [INFO] IPUIPlugin:64 - create IPUIPlugin
2024-08-30 18:18:41,604 [INFO] PluginManager:203 - loadIPPluginJar : add fmc
2024-08-30 18:18:41,618 [INFO] IPUIPlugin:64 - create IPUIPlugin
2024-08-30 18:18:41,619 [INFO] PluginManager:203 - loadIPPluginJar : add freertos
2024-08-30 18:18:41,660 [INFO] IPUIPlugin:64 - create IPUIPlugin
2024-08-30 18:18:41,660 [INFO] PluginManager:203 - loadIPPluginJar : add genericplugin
2024-08-30 18:18:41,763 [INFO] IPUIPlugin:64 - create IPUIPlugin
2024-08-30 18:18:41,764 [INFO] PluginManager:203 - loadIPPluginJar : add gfxmmu
2024-08-30 18:18:41,891 [INFO] IPUIPlugin:64 - create IPUIPlugin
2024-08-30 18:18:41,891 [INFO] PluginManager:203 - loadIPPluginJar : add gic
2024-08-30 18:18:41,905 [INFO] IPUIPlugin:64 - create IPUIPlugin
2024-08-30 18:18:41,905 [INFO] PluginManager:203 - loadIPPluginJar : add gpio
2024-08-30 18:18:41,973 [INFO] IPUIPlugin:64 - create IPUIPlugin
2024-08-30 18:18:41,973 [INFO] PluginManager:203 - loadIPPluginJar : add gtzc
2024-08-30 18:18:42,011 [INFO] IPUIPlugin:64 - create IPUIPlugin
2024-08-30 18:18:42,012 [INFO] PluginManager:203 - loadIPPluginJar : add hash
2024-08-30 18:18:42,085 [INFO] IPUIPlugin:64 - create IPUIPlugin
2024-08-30 18:18:42,085 [INFO] PluginManager:203 - loadIPPluginJar : add i2c
2024-08-30 18:18:42,135 [INFO] IPUIPlugin:64 - create IPUIPlugin
2024-08-30 18:18:42,135 [INFO] PluginManager:203 - loadIPPluginJar : add i2s
2024-08-30 18:18:42,146 [INFO] IPUIPlugin:64 - create IPUIPlugin
2024-08-30 18:18:42,146 [INFO] PluginManager:203 - loadIPPluginJar : add ipddr
2024-08-30 18:18:42,187 [INFO] IPUIPlugin:64 - create IPUIPlugin
2024-08-30 18:18:42,188 [INFO] PluginManager:203 - loadIPPluginJar : add lorawan
2024-08-30 18:18:42,230 [INFO] IPUIPlugin:64 - create IPUIPlugin
2024-08-30 18:18:42,230 [INFO] PluginManager:203 - loadIPPluginJar : add ltdc
2024-08-30 18:18:42,241 [INFO] IPUIPlugin:64 - create IPUIPlugin
2024-08-30 18:18:42,241 [INFO] PluginManager:203 - loadIPPluginJar : add mdma
2024-08-30 18:18:42,254 [INFO] IPUIPlugin:64 - create IPUIPlugin
2024-08-30 18:18:42,254 [INFO] PluginManager:203 - loadIPPluginJar : add nvic
2024-08-30 18:18:42,296 [INFO] IPUIPlugin:64 - create IPUIPlugin
2024-08-30 18:18:42,296 [INFO] PluginManager:203 - loadIPPluginJar : add opamp
2024-08-30 18:18:42,367 [INFO] IPUIPlugin:64 - create IPUIPlugin
2024-08-30 18:18:42,367 [INFO] PluginManager:203 - loadIPPluginJar : add openamp
2024-08-30 18:18:42,413 [INFO] IPUIPlugin:64 - create IPUIPlugin
2024-08-30 18:18:42,413 [INFO] PluginManager:203 - loadIPPluginJar : add pdm2pcm
2024-08-30 18:18:42,428 [INFO] IPUIPlugin:64 - create IPUIPlugin
2024-08-30 18:18:42,430 [INFO] PluginManager:203 - loadIPPluginJar : add plateformsettings
2024-08-30 18:18:42,464 [INFO] IPUIPlugin:64 - create IPUIPlugin
2024-08-30 18:18:42,464 [INFO] PluginManager:203 - loadIPPluginJar : add quadspi
2024-08-30 18:18:42,476 [INFO] IPUIPlugin:64 - create IPUIPlugin
2024-08-30 18:18:42,476 [INFO] PluginManager:203 - loadIPPluginJar : add resmgrutility
2024-08-30 18:18:42,530 [INFO] IPUIPlugin:64 - create IPUIPlugin
2024-08-30 18:18:42,530 [INFO] PluginManager:203 - loadIPPluginJar : add sai
2024-08-30 18:18:42,572 [INFO] IPUIPlugin:64 - create IPUIPlugin
2024-08-30 18:18:42,573 [INFO] PluginManager:203 - loadIPPluginJar : add spi
2024-08-30 18:18:42,630 [INFO] IPUIPlugin:64 - create IPUIPlugin
2024-08-30 18:18:42,631 [INFO] PluginManager:203 - loadIPPluginJar : add stm32_wpan
2024-08-30 18:18:42,660 [INFO] IPUIPlugin:64 - create IPUIPlugin
2024-08-30 18:18:42,660 [INFO] PluginManager:203 - loadIPPluginJar : add tim
2024-08-30 18:18:42,730 [INFO] IPUIPlugin:64 - create IPUIPlugin
2024-08-30 18:18:42,731 [INFO] PluginManager:203 - loadIPPluginJar : add touchsensing
2024-08-30 18:18:42,761 [INFO] IPUIPlugin:64 - create IPUIPlugin
2024-08-30 18:18:42,762 [INFO] PluginManager:203 - loadIPPluginJar : add tracer_emb
2024-08-30 18:18:42,792 [INFO] IPUIPlugin:64 - create IPUIPlugin
2024-08-30 18:18:42,792 [INFO] PluginManager:203 - loadIPPluginJar : add ts
2024-08-30 18:18:42,827 [INFO] IPUIPlugin:64 - create IPUIPlugin
2024-08-30 18:18:42,827 [INFO] PluginManager:203 - loadIPPluginJar : add tsc
2024-08-30 18:18:42,856 [INFO] IPUIPlugin:64 - create IPUIPlugin
2024-08-30 18:18:42,856 [INFO] PluginManager:203 - loadIPPluginJar : add ucpd
2024-08-30 18:18:42,905 [INFO] IPUIPlugin:64 - create IPUIPlugin
2024-08-30 18:18:42,906 [INFO] PluginManager:203 - loadIPPluginJar : add usart
2024-08-30 18:18:43,205 [FATAL] Updater:284 - Updater called before beeing initialized
2024-08-30 18:18:43,320 [FATAL] Updater:284 - Updater called before beeing initialized
2024-08-30 18:18:43,352 [WARN] DetailPanel:347 - Failed to get advertising image, set to default
2024-08-30 18:18:43,356 [FATAL] Updater:284 - Updater called before beeing initialized
2024-08-30 18:18:43,356 [WARN] DetailPanel:347 - Failed to get advertising image, set to default
2024-08-30 18:18:43,404 [FATAL] Updater:284 - Updater called before beeing initialized
2024-08-30 18:18:43,405 [WARN] ThirdParty:783 - waiting for thirdparty lock release [close project]
2024-08-30 18:18:43,656 [INFO] ThirdPartyUpdaterWithRetryManager:56 - Updater plugin not ready yet. [2/15]
2024-08-30 18:18:46,672 [FATAL] Updater:284 - Updater called before beeing initialized
2024-08-30 18:18:46,673 [ERROR] AbstractThirdPartyUpdaterManager:153 - java.lang.Integer cannot be cast to java.util.List
2024-08-30 18:18:46,674 [INFO] ThirdParty:887 - Integrity check success = false
2024-08-30 18:18:46,674 [INFO] IntegrityCheckThread:75 - exiting critical section [integrity check]
2024-08-30 18:18:46,675 [INFO] IntegrityCheckThread:78 - End integrity checks thread
2024-08-30 18:18:46,675 [INFO] ThirdParty:785 - entering critical section [close project]
2024-08-30 18:18:46,678 [INFO] ThirdParty:796 - exiting critical section [close project]
2024-08-30 18:18:46,683 [INFO] PinOutPanel:1434 - setPackage(No Configuration,No Configuration)
2024-08-30 18:18:46,685 [FATAL] Updater:284 - Updater called before beeing initialized
2024-08-30 18:18:46,711 [ERROR] Updater:1065 - MainUpdater not yet initialized. External WinMGr cannot be set.
2024-08-30 18:18:46,728 [INFO] Updater:1002 - Updater Version found : 6.1.0
2024-08-30 18:18:46,862 [INFO] ApplicationProperties:181 - Using Application install path: C:\Program Files\STM32CubeIDE_1.5.0\STM32CubeIDE\plugins\com.st.stm32cube.common.mx_6.1.0.202011121557
2024-08-30 18:18:47,536 [INFO] MainUpdater:2644 - connection check result : 10
2024-08-30 18:18:47,538 [INFO] MainUpdater:249 - Updater Check For Update Now.
2024-08-30 18:18:47,538 [INFO] MicroXplorer:415 - Change Database Version : DB.6.0.10
2024-08-30 18:18:47,630 [INFO] CheckServerUpdateThread:102 - End of CheckServer Thread
2024-08-30 18:18:47,682 [INFO] MainUpdater:2644 - connection check result : 10
2024-08-30 18:18:48,608 [INFO] CrossSelectorPresenter:1330 - Cross Selector saved comparison directory: C:\Users\Dell\.stmcufinder\plugins\mcufinder\mcu\cs_comparisons_mx
2024-08-30 18:18:48,614 [INFO] MultiScanPanel:198 - Auto-refresh data requested => check proxy status ongoing
2024-08-30 18:18:48,616 [INFO] FinderPluginLoader:87 - Searching for filters in installed packs
2024-08-30 18:18:48,618 [INFO] DbMcusXml:97 - Load MCU database from C:\Program Files\STM32CubeIDE_1.5.0\STM32CubeIDE\plugins\com.st.stm32cube.common.mx_6.1.0.202011121557\\db\/mcu/families.xml
2024-08-30 18:18:49,419 [INFO] DbMcusJson:92 - JSON generation date=Tue Nov 16 18:17:54 EET 2021 (1637079474)
2024-08-30 18:18:50,358 [INFO] DbMcus:176 - Found 1835 MCUs (1796 are supported by CubeMX, 1920 are visible in CubeMX)
2024-08-30 18:18:50,360 [INFO] ApiDb:238 - Load user favorites file C:\Users\Dell/.stm32cubeide/favorites.mcus.txt: 0 item(s)
2024-08-30 18:18:50,360 [INFO] ApiDb:242 - User favorites MCUs=[]
2024-08-30 18:18:50,360 [INFO] DbMcus:188 - Set 0 / 0 favorites MCUs
2024-08-30 18:18:50,895 [WARN] DetailPanel:347 - Failed to get advertising image, set to default
2024-08-30 18:18:51,335 [INFO] McuFilterPanel:245 - Update 0 favorites MCUs
2024-08-30 18:18:51,467 [INFO] DbBoardsPdsc:91 - Found 24 items
2024-08-30 18:18:51,480 [INFO] DbBoardsPdsc:91 - Found 9 items
2024-08-30 18:18:51,492 [INFO] DbBoardsPdsc:91 - Found 32 items
2024-08-30 18:18:51,504 [INFO] DbBoardsPdsc:91 - Found 1 items
2024-08-30 18:18:51,519 [INFO] DbBoardsPdsc:91 - Found 45 items
2024-08-30 18:18:51,535 [INFO] DbBoardsPdsc:91 - Found 41 items
2024-08-30 18:18:51,547 [INFO] DbBoardsPdsc:91 - Found 2 items
2024-08-30 18:18:51,557 [INFO] DbBoardsPdsc:91 - Found 4 items
2024-08-30 18:18:51,562 [WARN] DbBoardsPdsc:255 - Board STM32H7B3I-DK: unknown feature type=Audio, name=, username=Audio stereo codec with Headphone Amp (CS42L51-CNZ), n=1
2024-08-30 18:18:51,563 [WARN] DbBoardsPdsc:255 - Board STM32H735G-DK: unknown feature type=Audio, name=, username=Audio stereo codec with Headphone Amp (WM8994ECS/R), n=1
2024-08-30 18:18:51,565 [WARN] DbBoardsPdsc:255 - Board STM32H7B3I-EVAL: unknown feature type=Audio, name=, username=Multi-Channel Audio Codec (CS42L51-CNZ), n=1
2024-08-30 18:18:51,565 [WARN] DbBoardsPdsc:255 - Board STM32H7B3I-EVAL: unknown feature type=Meter, name=, username=Power-metering and Temperature-monitoring with sigma-delta modulators, n=1
2024-08-30 18:18:51,565 [WARN] DbBoardsPdsc:255 - Board STM32H7B3I-EVAL: unknown feature type=Motor, name=, username=Motor Control, n=1
2024-08-30 18:18:51,593 [INFO] DbBoardsJson:85 - JSON generation date=Tue Nov 16 18:17:54 EET 2021 (1637079474)
2024-08-30 18:18:51,600 [INFO] DbBoards:118 - Found 168 boards (155 are supported by CubeMX)
2024-08-30 18:18:51,611 [INFO] DbBoardsDocs:145 - JSON generation date=Tue Nov 16 18:17:54 EET 2021 (1637079474)
2024-08-30 18:18:51,615 [INFO] DbBoardsDocs:81 - Found 209 boards documents
2024-08-30 18:18:51,616 [WARN] DbBoards:128 - board B-L475E-IOT01A2 has no document id list !
2024-08-30 18:18:51,616 [WARN] DbBoards:128 - board NUCLEO-H743ZI has no document id list !
2024-08-30 18:18:51,617 [WARN] DbBoards:128 - board NUCLEO-WL55JC1 has no document id list !
2024-08-30 18:18:51,617 [WARN] DbBoards:128 - board NUCLEO-WL55JC2 has no document id list !
2024-08-30 18:18:51,617 [WARN] DbBoards:128 - board P-NUCLEO-WB55-Nucleo has no document id list !
2024-08-30 18:18:51,617 [WARN] DbBoards:128 - board P-NUCLEO-WB55-USBDongle has no document id list !
2024-08-30 18:18:51,617 [WARN] DbBoards:128 - board STEVAL-BFA001V1B has no document id list !
2024-08-30 18:18:51,617 [WARN] DbBoards:128 - board STEVAL-BFA001V2B has no document id list !
2024-08-30 18:18:51,617 [WARN] DbBoards:128 - board STEVAL-IDP005V1 has no document id list !
2024-08-30 18:18:51,617 [WARN] DbBoards:128 - board STEVAL-IDP005V2 has no document id list !
2024-08-30 18:18:51,617 [WARN] DbBoards:128 - board STEVAL-MKSBOX1V1 has no document id list !
2024-08-30 18:18:51,617 [WARN] DbBoards:128 - board STEVAL-STWINKT1 has no document id list !
2024-08-30 18:18:51,617 [WARN] DbBoards:128 - board STEVAL-STWINKT1B has no document id list !
2024-08-30 18:18:51,618 [WARN] DbBoards:128 - board STM32439I-EVAL2 has no document id list !
2024-08-30 18:18:51,618 [WARN] DbBoards:128 - board STM32F401C-DISCO has no document id list !
2024-08-30 18:18:51,618 [WARN] DbBoards:128 - board STM32F769I-DISC1 has no document id list !
2024-08-30 18:18:51,618 [WARN] DbBoards:128 - board STM32G474E-EVAL1 has no document id list !
2024-08-30 18:18:51,619 [WARN] DbBoards:128 - board STM32H743I-EVAL2 has no document id list !
2024-08-30 18:18:51,619 [WARN] DbBoards:128 - board STM32H747I-DISC1 has no document id list !
2024-08-30 18:18:51,619 [WARN] DbBoards:128 - board STM32H753I-EVAL2 has no document id list !
2024-08-30 18:18:51,619 [WARN] DbBoards:128 - board STM32L-DISCOVERY has no document id list !
2024-08-30 18:18:51,747 [ERROR] DbBoards:190 - Image file not found for board B-U585I-IOT02A: C:\Program Files\STM32CubeIDE_1.5.0\STM32CubeIDE\plugins\com.st.stm32cube.common.mx_6.1.0.202011121557\\db\/plugins/mcufinder/images/boards/B-U585I-IOT02A_small.jpg
2024-08-30 18:18:51,823 [ERROR] DbBoards:190 - Image file not found for board NUCLEO-F413ZH: C:\Program Files\STM32CubeIDE_1.5.0\STM32CubeIDE\plugins\com.st.stm32cube.common.mx_6.1.0.202011121557\\db\/plugins/mcufinder/images/boards/nucleo-f413zh_small.jpg
2024-08-30 18:18:51,947 [ERROR] DbBoards:190 - Image file not found for board NUCLEO-L552ZE-Q: C:\Program Files\STM32CubeIDE_1.5.0\STM32CubeIDE\plugins\com.st.stm32cube.common.mx_6.1.0.202011121557\\db\/plugins/mcufinder/images/boards/nucleo_l552ze_q_small.jpg
2024-08-30 18:18:51,947 [ERROR] DbBoards:190 - Image file not found for board NUCLEO-U575ZI-Q: C:\Program Files\STM32CubeIDE_1.5.0\STM32CubeIDE\plugins\com.st.stm32cube.common.mx_6.1.0.202011121557\\db\/plugins/mcufinder/images/boards/nucleo-u575zi-q_small.jpg
2024-08-30 18:18:51,947 [ERROR] DbBoards:190 - Image file not found for board NUCLEO-WB15CC: C:\Program Files\STM32CubeIDE_1.5.0\STM32CubeIDE\plugins\com.st.stm32cube.common.mx_6.1.0.202011121557\\db\/plugins/mcufinder/images/boards/nucleo-wb15cc_small.jpg
2024-08-30 18:18:51,947 [ERROR] DbBoards:190 - Image file not found for board NUCLEO-WB55RG: C:\Program Files\STM32CubeIDE_1.5.0\STM32CubeIDE\plugins\com.st.stm32cube.common.mx_6.1.0.202011121557\\db\/plugins/mcufinder/images/boards/nucleo-wb55rg_small.jpg
2024-08-30 18:18:51,947 [ERROR] DbBoards:190 - Image file not found for board NUCLEO-WL55JC: C:\Program Files\STM32CubeIDE_1.5.0\STM32CubeIDE\plugins\com.st.stm32cube.common.mx_6.1.0.202011121557\\db\/plugins/mcufinder/images/boards/nucleo-wl55jc-small.jpg
2024-08-30 18:18:52,167 [ERROR] DbBoards:190 - Image file not found for board STEVAL-STWINKT1B: C:\Program Files\STM32CubeIDE_1.5.0\STM32CubeIDE\plugins\com.st.stm32cube.common.mx_6.1.0.202011121557\\db\/plugins/mcufinder/images/boards/steval-stwinkt1b_small.jpg
2024-08-30 18:18:52,616 [ERROR] DbBoards:190 - Image file not found for board STM32H7B3I-EVAL: C:\Program Files\STM32CubeIDE_1.5.0\STM32CubeIDE\plugins\com.st.stm32cube.common.mx_6.1.0.202011121557\\db\/plugins/mcufinder/images/boards/stm32h7b3ieval_small.jpg
2024-08-30 18:18:52,766 [ERROR] DbBoards:190 - Image file not found for board STM32U575I-EV: C:\Program Files\STM32CubeIDE_1.5.0\STM32CubeIDE\plugins\com.st.stm32cube.common.mx_6.1.0.202011121557\\db\/plugins/mcufinder/images/boards/stm32u575i-ev_small.jpg
2024-08-30 18:18:52,794 [ERROR] DbBoards:190 - Image file not found for board STM32WB5MM-DK: C:\Program Files\STM32CubeIDE_1.5.0\STM32CubeIDE\plugins\com.st.stm32cube.common.mx_6.1.0.202011121557\\db\/plugins/mcufinder/images/boards/STM32WB5MM-DK_small.jpg
2024-08-30 18:18:52,794 [INFO] ApiDb:238 - Load user favorites file C:\Users\Dell/.stm32cubeide/favorites.boards.txt: 0 item(s)
2024-08-30 18:18:52,794 [INFO] ApiDb:242 - User favorites Boards=[]
2024-08-30 18:18:52,794 [INFO] DbBoards:207 - Set 0 / 0 favorites Boards
2024-08-30 18:20:12,671 [INFO] DbMcusDocs:145 - JSON generation date=Tue Nov 16 18:17:54 EET 2021 (1637079474)
2024-08-30 18:20:12,939 [INFO] DbMcusDocs:81 - Found 682 MCUs documents
2024-08-30 18:20:32,882 [INFO] MainUpdater:2644 - connection check result : 10
2024-08-30 18:20:32,883 [INFO] MainUpdater:2644 - connection check result : 10
2024-08-30 18:20:32,981 [INFO] MicroXplorer:385 - Change Database Path : 
2024-08-30 18:20:32,981 [INFO] MicroXplorer:415 - Change Database Version : DB.6.0.10
2024-08-30 18:20:32,982 [WARN] ThirdParty:783 - waiting for thirdparty lock release [close project]
2024-08-30 18:20:32,982 [INFO] ThirdParty:785 - entering critical section [close project]
2024-08-30 18:20:32,982 [INFO] ThirdParty:796 - exiting critical section [close project]
2024-08-30 18:20:32,988 [INFO] PinOutPanel:1434 - setPackage(No Configuration,No Configuration)
2024-08-30 18:20:32,990 [INFO] UtilMem:74 - Begin LoadConfig() Used Memory: 604083160 Bytes (972029952)
2024-08-30 18:20:32,992 [INFO] MicroXplorer:385 - Change Database Path : 
2024-08-30 18:20:32,992 [INFO] MicroXplorer:415 - Change Database Version : DB.6.0.10
2024-08-30 18:20:32,992 [INFO] OpenFileManager:274 - Change cursor
2024-08-30 18:20:32,995 [WARN] ThirdParty:204 - Use empty third party IP manager
2024-08-30 18:20:33,028 [WARN] IntegrityCheckThread:59 - waiting for thirdparty lock release [integrity check]
2024-08-30 18:20:33,029 [INFO] IntegrityCheckThread:61 - entering critical section [integrity check]
2024-08-30 18:20:33,117 [ERROR] Engine:500 - C:\Users\Dell\.stm32cubemx\thirdparties\pdsc\STMicroelectronics.X-CUBE-SMBUS.2.1.0.pdsc: PDSC version is not supported
2024-08-30 18:20:33,577 [ERROR] Engine:500 - C:\Users\Dell\.stm32cubemx\thirdparties\pdsc\emotas.I-CUBE-CANOPEN.1.3.0.pdsc: PDSC version is not supported
2024-08-30 18:20:33,606 [INFO] LogOutputStream:76 - [STDOUT_REDIRECT] 1 : Invalid condition id : UX_CORESTACK_Condition cause : null
2024-08-30 18:20:33,608 [INFO] LogOutputStream:76 - [STDOUT_REDIRECT] 1 : Invalid condition id : UX_CORESTACK_Condition cause : null
2024-08-30 18:20:33,611 [INFO] LogOutputStream:76 - [STDOUT_REDIRECT] 1 : Invalid condition id : UX_CORESTACK_Condition cause : null
2024-08-30 18:20:33,613 [INFO] LogOutputStream:76 - [STDOUT_REDIRECT] 1 : Invalid condition id : UX_CORESTACK_Condition cause : null
2024-08-30 18:20:33,616 [INFO] LogOutputStream:76 - [STDOUT_REDIRECT] 1 : Invalid condition id : UX_CORESTACK_Condition cause : null
2024-08-30 18:20:33,671 [ERROR] Engine:500 - C:\Users\Dell\.stm32cubemx\thirdparties\pdsc\STMicroelectronics.X-CUBE-TCPP.4.1.0.pdsc: PDSC version is not supported
2024-08-30 18:20:33,879 [ERROR] Engine:500 - C:\Users\Dell\.stm32cubemx\thirdparties\pdsc\EmbeddedOffice.I-CUBE-FS-RTOS.1.0.1.pdsc: PDSC version is not supported
2024-08-30 18:20:33,897 [ERROR] Engine:500 - C:\Users\Dell\.stm32cubemx\thirdparties\pdsc\RealThread.X-CUBE-RT-Thread_Nano.4.1.1.pdsc: PDSC version is not supported
2024-08-30 18:20:33,934 [ERROR] Engine:500 - C:\Users\Dell\.stm32cubemx\thirdparties\pdsc\ITTIA_DB.I-CUBE-ITTIADB.8.9.0.pdsc: PDSC version is not supported
2024-08-30 18:20:34,555 [WARN] ConditionMgr:437 - getConditionDescription Invalid condition id : LAN8742 Phy interface Condition cause : null
2024-08-30 18:20:34,563 [WARN] ConditionMgr:1040 - genDependencies : Invalid condition id : LAN8742 Phy interface Condition cause : null
2024-08-30 18:20:34,563 [WARN] ConditionMgr:1040 - genDependencies : Invalid condition id : LAN8742 Phy interface Condition cause : null
2024-08-30 18:20:34,570 [WARN] ConditionMgr:1040 - genDependencies : Invalid condition id : LAN8742 Phy interface Condition cause : null
2024-08-30 18:20:34,833 [WARN] ConditionMgr:437 - getConditionDescription Invalid condition id : UX DEVICE CLASS RTOS Condition cause : null
2024-08-30 18:20:34,834 [WARN] ConditionMgr:437 - getConditionDescription Invalid condition id : UX DEVICE CLASS RTOS Condition cause : null
2024-08-30 18:20:34,839 [WARN] ConditionMgr:1040 - genDependencies : Invalid condition id : UX DEVICE CLASS RTOS Condition cause : null
2024-08-30 18:20:34,840 [WARN] ConditionMgr:1040 - genDependencies : Invalid condition id : UX DEVICE CLASS RTOS Condition cause : null
2024-08-30 18:20:34,841 [WARN] ConditionMgr:1040 - genDependencies : Invalid condition id : UX DEVICE CLASS RTOS Condition cause : null
2024-08-30 18:20:34,841 [WARN] ConditionMgr:1040 - genDependencies : Invalid condition id : UX DEVICE CLASS RTOS Condition cause : null
2024-08-30 18:20:34,842 [WARN] ConditionMgr:1040 - genDependencies : Invalid condition id : UX DEVICE CLASS RTOS Condition cause : null
2024-08-30 18:20:34,923 [ERROR] Engine:500 - C:\Users\Dell\.stm32cubemx\thirdparties\pdsc\Cesanta.I-CUBE-Mongoose.7.13.0.pdsc: PDSC version is not supported
2024-08-30 18:20:35,248 [ERROR] Engine:500 - C:\Users\Dell\.stm32cubemx\thirdparties\pdsc\STMicroelectronics.X-CUBE-TOF1.3.4.2.pdsc: PDSC version is not supported
2024-08-30 18:20:35,288 [ERROR] Engine:500 - C:\Users\Dell\.stm32cubemx\thirdparties\pdsc\Infineon.AIROC-Wi-Fi-Bluetooth-STM32.1.6.1.pdsc: PDSC version is not supported
2024-08-30 18:20:35,319 [INFO] ThirdParty:887 - Integrity check success = true
2024-08-30 18:20:35,320 [INFO] IntegrityCheckThread:75 - exiting critical section [integrity check]
2024-08-30 18:20:35,321 [INFO] IntegrityCheckThread:78 - End integrity checks thread
2024-08-30 18:20:45,046 [INFO] ImportTextPane:162 - (OptionalMessage_ERROR) Unable to find key (Mcu.ThirdPartyNb) in loaded IOC file
2024-08-30 18:20:45,046 [INFO] ImportTextPane:162 - (OptionalMessage_ERROR) Unable to find key (Mcu.PinsNb) in loaded IOC file
2024-08-30 18:20:45,046 [INFO] ImportTextPane:162 - (OptionalMessage_ERROR) Unable to find key (Mcu.IPNb) in loaded IOC file
2024-08-30 18:20:45,441 [WARN] ModelIntegratedComponent:51 - No mode defined for component null
2024-08-30 18:20:45,441 [WARN] ModelIntegratedComponent:51 - No mode defined for component null
2024-08-30 18:20:45,442 [WARN] ModelIntegratedComponent:51 - No mode defined for component null
2024-08-30 18:20:45,442 [WARN] ModelIntegratedComponent:51 - No mode defined for component null
2024-08-30 18:20:45,442 [WARN] ModelIntegratedComponent:51 - No mode defined for component null
2024-08-30 18:20:45,442 [WARN] ModelIntegratedComponent:51 - No mode defined for component null
2024-08-30 18:20:45,442 [WARN] ModelIntegratedComponent:51 - No mode defined for component null
2024-08-30 18:20:45,443 [WARN] ModelIntegratedComponent:51 - No mode defined for component null
2024-08-30 18:20:45,443 [WARN] ModelIntegratedComponent:51 - No mode defined for component null
2024-08-30 18:20:45,443 [WARN] ModelIntegratedComponent:51 - No mode defined for component null
2024-08-30 18:20:45,443 [WARN] ModelIntegratedComponent:51 - No mode defined for component null
2024-08-30 18:20:45,443 [WARN] ModelIntegratedComponent:51 - No mode defined for component null
2024-08-30 18:20:45,443 [WARN] ModelIntegratedComponent:51 - No mode defined for component null
2024-08-30 18:20:45,444 [WARN] ModelIntegratedComponent:51 - No mode defined for component null
2024-08-30 18:20:45,444 [WARN] ModelIntegratedComponent:51 - No mode defined for component null
2024-08-30 18:20:45,444 [WARN] ModelIntegratedComponent:51 - No mode defined for component null
2024-08-30 18:20:45,444 [WARN] ModelIntegratedComponent:51 - No mode defined for component null
2024-08-30 18:20:45,444 [WARN] ModelIntegratedComponent:51 - No mode defined for component null
2024-08-30 18:20:45,445 [WARN] ModelIntegratedComponent:51 - No mode defined for component null
2024-08-30 18:20:45,445 [WARN] ModelIntegratedComponent:51 - No mode defined for component null
2024-08-30 18:20:45,445 [WARN] ModelIntegratedComponent:51 - No mode defined for component null
2024-08-30 18:20:45,445 [WARN] ModelIntegratedComponent:51 - No mode defined for component null
2024-08-30 18:20:45,445 [WARN] ModelIntegratedComponent:51 - No mode defined for component null
2024-08-30 18:20:45,445 [WARN] ModelIntegratedComponent:51 - No mode defined for component null
2024-08-30 18:20:45,445 [WARN] ModelIntegratedComponent:51 - No mode defined for component null
2024-08-30 18:20:45,445 [WARN] ModelIntegratedComponent:51 - No mode defined for component null
2024-08-30 18:20:45,445 [WARN] ModelIntegratedComponent:51 - No mode defined for component null
2024-08-30 18:20:45,445 [WARN] ModelIntegratedComponent:51 - No mode defined for component null
2024-08-30 18:20:45,445 [WARN] ModelIntegratedComponent:51 - No mode defined for component null
2024-08-30 18:20:45,448 [WARN] ModelIntegratedComponent:51 - No mode defined for component null
2024-08-30 18:20:45,448 [WARN] ModelIntegratedComponent:51 - No mode defined for component null
2024-08-30 18:20:45,448 [WARN] ModelIntegratedComponent:51 - No mode defined for component null
2024-08-30 18:20:45,448 [WARN] ModelIntegratedComponent:51 - No mode defined for component null
2024-08-30 18:20:45,448 [WARN] ModelIntegratedComponent:51 - No mode defined for component null
2024-08-30 18:20:45,448 [WARN] ModelIntegratedComponent:51 - No mode defined for component null
2024-08-30 18:20:45,448 [WARN] ModelIntegratedComponent:51 - No mode defined for component null
2024-08-30 18:20:45,448 [WARN] ModelIntegratedComponent:51 - No mode defined for component null
2024-08-30 18:20:45,448 [WARN] ModelIntegratedComponent:51 - No mode defined for component null
2024-08-30 18:20:45,542 [WARN] ApiManager:294 - Cannot register API 'Board Extension:NFC07A1' from pack STMicroelectronics.X-CUBE-NFC7.1.0.1: no header file found
2024-08-30 18:20:45,559 [WARN] ApiManager:294 - Cannot register API 'Board Extension:NFC06A1' from pack STMicroelectronics.X-CUBE-NFC6.3.1.0: no header file found
2024-08-30 18:20:45,562 [WARN] ApiManager:294 - Cannot register API 'Board Extension:NFC08A1' from pack STMicroelectronics.X-CUBE-NFC6.3.1.0: no header file found
2024-08-30 18:20:45,842 [WARN] ApiManager:294 - Cannot register API 'Board Extension:IKS01A3' from pack STMicroelectronics.X-CUBE-MEMS1.11.0.0: no header file found
2024-08-30 18:20:45,843 [WARN] ApiManager:294 - Cannot register API 'Board Extension:IKS02A1' from pack STMicroelectronics.X-CUBE-MEMS1.11.0.0: no header file found
2024-08-30 18:20:45,843 [WARN] ApiManager:294 - Cannot register API 'Board Extension:IKS4A1' from pack STMicroelectronics.X-CUBE-MEMS1.11.0.0: no header file found
2024-08-30 18:20:45,876 [INFO] RtosManager:464 - Registered RTOS mode: class=CMSIS, group=RTOS, mode=CMSIS_V1, owner=FREERTOS
2024-08-30 18:20:45,876 [INFO] RtosManager:464 - Registered RTOS mode: class=CMSIS, group=RTOS2, mode=CMSIS_V2, owner=FREERTOS
2024-08-30 18:20:45,877 [INFO] RtosManager:464 - Registered RTOS mode: class=RTOS, group=Core, mode=CMSIS_V1, owner=FREERTOS
2024-08-30 18:20:45,877 [INFO] RtosManager:464 - Registered RTOS mode: class=RTOS, group=Core, mode=CMSIS_V2, owner=FREERTOS
2024-08-30 18:20:45,877 [WARN] ModelIntegratedComponent:182 - Missing modes for component STMicroelectronics:FreeRTOS:0.0.1:STMicroelectronics:RTOS:FreeRTOS:Core:::10.2.0:
2024-08-30 18:20:45,879 [WARN] ApiManager:294 - Cannot register API 'Board Extension:STSAFEA1' from pack STMicroelectronics.X-CUBE-SAFEA1.1.2.2: no header file found
2024-08-30 18:20:45,879 [WARN] ApiManager:294 - Cannot register API 'Board Part:STSAFEA110' from pack STMicroelectronics.X-CUBE-SAFEA1.1.2.2: no header file found
2024-08-30 18:20:45,880 [WARN] ApiManager:294 - Cannot register API 'Security:ST_Cryptolib' from pack STMicroelectronics.X-CUBE-SAFEA1.1.2.2: no header file found
2024-08-30 18:20:45,880 [WARN] ApiManager:294 - Cannot register API 'Security:MbedTLS' from pack STMicroelectronics.X-CUBE-SAFEA1.1.2.2: no header file found
2024-08-30 18:20:45,881 [WARN] ApiManager:294 - Cannot register API 'Board Extension:NFC04A1' from pack STMicroelectronics.X-CUBE-NFC4.3.0.0: no header file found
2024-08-30 18:20:45,900 [WARN] ApiManager:294 - Cannot register API 'Board Extension:S2868A1' from pack STMicroelectronics.X-CUBE-SUBG2.5.0.0: no header file found
2024-08-30 18:20:45,900 [WARN] ApiManager:294 - Cannot register API 'Board Extension:S2868A2' from pack STMicroelectronics.X-CUBE-SUBG2.5.0.0: no header file found
2024-08-30 18:20:45,900 [WARN] ApiManager:294 - Cannot register API 'Board Extension:S2915A1' from pack STMicroelectronics.X-CUBE-SUBG2.5.0.0: no header file found
2024-08-30 18:20:45,910 [WARN] ApiManager:294 - Cannot register API 'Board Extension:S2868A1' from pack STMicroelectronics.X-CUBE-SFXS2LP1.4.0.0: no header file found
2024-08-30 18:20:45,911 [WARN] ApiManager:294 - Cannot register API 'Board Extension:S2868A2' from pack STMicroelectronics.X-CUBE-SFXS2LP1.4.0.0: no header file found
2024-08-30 18:20:45,911 [WARN] ApiManager:294 - Cannot register API 'Board Extension:S2915A1' from pack STMicroelectronics.X-CUBE-SFXS2LP1.4.0.0: no header file found
2024-08-30 18:20:49,405 [INFO] UtilMem:74 - End LoadConfig() Used Memory: 774749616 Bytes (972029952)
2024-08-30 18:20:49,419 [WARN] ThirdParty:749 - waiting for thirdparty lock release [change project]
2024-08-30 18:20:49,420 [INFO] ThirdParty:751 - entering critical section [change project]
2024-08-30 18:20:49,420 [INFO] ThirdParty:939 - CMSIS Pack Vendor :STMicroelectronics X-CUBE-AZRTOS-H7 3.3.0
2024-08-30 18:20:49,421 [INFO] ThirdParty:939 - CMSIS Pack Vendor :STMicroelectronics USB_HOST 2.0.0
2024-08-30 18:20:49,421 [INFO] ThirdParty:939 - CMSIS Pack Vendor :STMicroelectronics X-CUBE-AZRTOS-F4 1.1.0
2024-08-30 18:20:49,421 [INFO] ThirdParty:939 - CMSIS Pack Vendor :wolfSSL I-CUBE-wolfSSL 5.7.2
2024-08-30 18:20:49,421 [INFO] ThirdParty:939 - CMSIS Pack Vendor :STMicroelectronics X-CUBE-ISPU 2.0.0
2024-08-30 18:20:49,421 [INFO] ThirdParty:939 - CMSIS Pack Vendor :STMicroelectronics USB_DEVICE 3.0.0
2024-08-30 18:20:49,422 [INFO] ThirdParty:939 - CMSIS Pack Vendor :STMicroelectronics HAL Drivers 0.0.0
2024-08-30 18:20:49,422 [INFO] ThirdParty:939 - CMSIS Pack Vendor :STMicroelectronics MBEDTLS 2.16.2
2024-08-30 18:20:49,422 [INFO] ThirdParty:939 - CMSIS Pack Vendor :STMicroelectronics X-CUBE-AZRTOS-WB 2.0.0
2024-08-30 18:20:49,422 [INFO] ThirdParty:939 - CMSIS Pack Vendor :STMicroelectronics X-CUBE-NFC7 1.0.1
2024-08-30 18:20:49,422 [INFO] ThirdParty:939 - CMSIS Pack Vendor :STMicroelectronics MBEDTLS 2.14.1
2024-08-30 18:20:49,422 [INFO] ThirdParty:939 - CMSIS Pack Vendor :STMicroelectronics X-CUBE-TOUCHGFX 4.24.0
2024-08-30 18:20:49,422 [INFO] ThirdParty:939 - CMSIS Pack Vendor :STMicroelectronics X-CUBE-AZRTOS-F7 1.1.0
2024-08-30 18:20:49,422 [INFO] ThirdParty:939 - CMSIS Pack Vendor :STMicroelectronics X-CUBE-AZRTOS-L5 2.0.0
2024-08-30 18:20:49,423 [INFO] ThirdParty:939 - CMSIS Pack Vendor :wolfSSL I-CUBE-wolfTPM 3.4.0
2024-08-30 18:20:49,423 [INFO] ThirdParty:939 - CMSIS Pack Vendor :portGmbH I-Cube-SoM-uGOAL 1.1.0
2024-08-30 18:20:49,424 [INFO] ThirdParty:939 - CMSIS Pack Vendor :STMicroelectronics USB_DEVICE 2.0.0
2024-08-30 18:20:49,424 [INFO] ThirdParty:939 - CMSIS Pack Vendor :STMicroelectronics X-CUBE-NFC6 3.1.0
2024-08-30 18:20:49,424 [INFO] ThirdParty:939 - CMSIS Pack Vendor :STMicroelectronics X-CUBE-AZRTOS-WL 2.0.0
2024-08-30 18:20:49,424 [INFO] ThirdParty:939 - CMSIS Pack Vendor :SEGGER I-CUBE-embOS 1.3.1
2024-08-30 18:20:49,424 [INFO] ThirdParty:939 - CMSIS Pack Vendor :STMicroelectronics X-CUBE-MEMS1 11.0.0
2024-08-30 18:20:49,424 [INFO] ThirdParty:939 - CMSIS Pack Vendor :STMicroelectronics X-CUBE-ALGOBUILD 1.4.0
2024-08-30 18:20:49,424 [INFO] ThirdParty:939 - CMSIS Pack Vendor :STMicroelectronics FreeRTOS 0.0.1
2024-08-30 18:20:49,424 [INFO] ThirdParty:939 - CMSIS Pack Vendor :STMicroelectronics X-CUBE-AZRTOS-G0 1.1.0
2024-08-30 18:20:49,425 [INFO] ThirdParty:939 - CMSIS Pack Vendor :STMicroelectronics USB_DEVICE 1.0.0
2024-08-30 18:20:49,425 [INFO] ThirdParty:939 - CMSIS Pack Vendor :STMicroelectronics X-CUBE-SAFEA1 1.2.2
2024-08-30 18:20:49,425 [INFO] ThirdParty:939 - CMSIS Pack Vendor :STMicroelectronics X-CUBE-NFC4 3.0.0
2024-08-30 18:20:49,425 [INFO] ThirdParty:939 - CMSIS Pack Vendor :STMicroelectronics X-CUBE-SUBG2 5.0.0
2024-08-30 18:20:49,425 [INFO] ThirdParty:939 - CMSIS Pack Vendor :STMicroelectronics X-CUBE-AZRTOS-H7RS 1.0.0
2024-08-30 18:20:49,425 [INFO] ThirdParty:939 - CMSIS Pack Vendor :wolfSSL I-CUBE-wolfMQTT 1.19.0
2024-08-30 18:20:49,426 [INFO] ThirdParty:939 - CMSIS Pack Vendor :STMicroelectronics X-CUBE-AZRTOS-L4 2.0.0
2024-08-30 18:20:49,426 [INFO] ThirdParty:939 - CMSIS Pack Vendor :WES I-CUBE-Cesium 1.3.0
2024-08-30 18:20:49,426 [INFO] ThirdParty:939 - CMSIS Pack Vendor :STMicroelectronics lwIP 2.0.3
2024-08-30 18:20:49,426 [INFO] ThirdParty:939 - CMSIS Pack Vendor :STMicroelectronics lwIP 2.1.2
2024-08-30 18:20:49,426 [INFO] ThirdParty:939 - CMSIS Pack Vendor :STMicroelectronics X-CUBE-SFXS2LP1 4.0.0
2024-08-30 18:20:49,426 [INFO] ThirdParty:939 - CMSIS Pack Vendor :STMicroelectronics USB_HOST 1.0.0
2024-08-30 18:20:49,426 [INFO] ThirdParty:939 - CMSIS Pack Vendor :STMicroelectronics X-CUBE-AZRTOS-G4 2.0.0
2024-08-30 18:20:49,426 [INFO] ThirdParty:939 - CMSIS Pack Vendor :STMicroelectronics PDM2PCM 3.1.0
2024-08-30 18:20:49,426 [INFO] ThirdParty:939 - CMSIS Pack Vendor :STMicroelectronics PDM2PCM 3.2.0
2024-08-30 18:20:49,426 [INFO] ThirdParty:939 - CMSIS Pack Vendor :wolfSSL I-CUBE-wolfSSH 1.4.17
2024-08-30 18:20:49,426 [INFO] ThirdParty:939 - CMSIS Pack Vendor :STMicroelectronics PDM2PCM 3.3.0
2024-08-30 18:20:49,426 [INFO] ThirdParty:757 - exiting critical section [change project]
2024-08-30 18:20:50,132 [INFO] PinOutPanel:1434 - setPackage(No Configuration,No Configuration)
2024-08-30 18:20:50,134 [INFO] PinOutPanel:1434 - setPackage(STM32F103C6Tx,LQFP48)
2024-08-30 18:20:52,019 [INFO] UtilMem:74 - Before build in PCC Used Memory: 617138824 Bytes (972029952)
2024-08-30 18:20:54,425 [INFO] SharedServices:72 - Folder for power plug-in: C:/Users/Dell/.stm32cubemx/plugins/power
2024-08-30 18:20:55,066 [INFO] SharedServices:72 - Folder for power plug-in: C:/Users/Dell/.stm32cubemx/plugins/power
2024-08-30 18:20:56,088 [INFO] SharedServices:72 - Folder for power plug-in: C:/Users/Dell/.stm32cubemx/plugins/power
2024-08-30 18:20:56,113 [INFO] SharedServices:72 - Folder for power plug-in: C:/Users/Dell/.stm32cubemx/plugins/power
2024-08-30 18:20:57,924 [INFO] UtilMem:74 - After build in PCC Used Memory: 734286264 Bytes (972029952)
2024-08-30 18:20:57,964 [INFO] IPUIPlugin:64 - create IPUIPlugin
2024-08-30 18:20:57,964 [INFO] IPUIPlugin:64 - create IPUIPlugin
2024-08-30 18:20:57,965 [INFO] IPUIPlugin:64 - create IPUIPlugin
2024-08-30 18:20:57,965 [INFO] IPUIPlugin:64 - create IPUIPlugin
2024-08-30 18:20:57,965 [INFO] IPUIPlugin:64 - create IPUIPlugin
2024-08-30 18:20:57,966 [INFO] IPUIPlugin:64 - create IPUIPlugin
2024-08-30 18:20:57,966 [INFO] IPUIPlugin:64 - create IPUIPlugin
2024-08-30 18:20:57,966 [INFO] IPUIPlugin:64 - create IPUIPlugin
2024-08-30 18:20:57,966 [INFO] IPUIPlugin:64 - create IPUIPlugin
2024-08-30 18:20:57,967 [INFO] IPUIPlugin:64 - create IPUIPlugin
2024-08-30 18:20:57,967 [INFO] IPUIPlugin:64 - create IPUIPlugin
2024-08-30 18:20:57,967 [INFO] IPUIPlugin:64 - create IPUIPlugin
2024-08-30 18:20:57,968 [INFO] IPUIPlugin:64 - create IPUIPlugin
2024-08-30 18:20:57,968 [INFO] IPUIPlugin:64 - create IPUIPlugin
2024-08-30 18:20:57,968 [INFO] IPUIPlugin:64 - create IPUIPlugin
2024-08-30 18:20:57,968 [INFO] IPUIPlugin:64 - create IPUIPlugin
2024-08-30 18:20:57,969 [INFO] IPUIPlugin:64 - create IPUIPlugin
2024-08-30 18:20:57,975 [INFO] IPUIPlugin:64 - create IPUIPlugin
2024-08-30 18:20:57,976 [INFO] IPUIPlugin:64 - create IPUIPlugin
2024-08-30 18:20:57,976 [INFO] IPUIPlugin:64 - create IPUIPlugin
2024-08-30 18:20:57,978 [INFO] IPUIPlugin:64 - create IPUIPlugin
2024-08-30 18:20:57,978 [INFO] IPUIPlugin:64 - create IPUIPlugin
2024-08-30 18:20:57,979 [INFO] IPUIPlugin:64 - create IPUIPlugin
2024-08-30 18:20:58,097 [INFO] LogOutputStream:76 - [STDOUT_REDIRECT] toolchainItems.length=====1
2024-08-30 18:20:58,394 [INFO] OpenFileManager:294 - Restore cursor
2024-08-30 18:21:01,174 [INFO] UtilMem:74 - End SaveConfig() Used Memory: 811325936 Bytes (972029952)
2024-08-30 18:21:01,546 [INFO] UtilMem:74 - End SaveConfig() Used Memory: 815828944 Bytes (972029952)
2024-08-30 18:21:02,899 [INFO] BlockDiagram:2735 - set Specific Code input for plugin: NVIC
2024-08-30 18:21:02,900 [INFO] BlockDiagram:2735 - set Specific Code input for plugin: SYS
2024-08-30 18:21:02,900 [INFO] BlockDiagram:2735 - set Specific Code input for plugin: RCC
2024-08-30 18:21:02,901 [INFO] CodeGenerator:639 - code generatio: config db path: C:\Program Files\STM32CubeIDE_1.5.0\STM32CubeIDE\plugins\com.st.stm32cube.common.mx_6.1.0.202011121557\\db\
2024-08-30 18:21:04,108 [INFO] CodeEngine:229 - oldGeneratedFile, D:\personal repo\mahmoudnasser\proteus\uart\UART\MXTmpFiles\license.tmp_save
2024-08-30 18:21:05,269 [INFO] CodeEngine:247 - Generated code: D:\personal repo\mahmoudnasser\proteus\uart\UART\MXTmpFiles\license.tmp
2024-08-30 18:21:05,764 [INFO] CodeEngine:229 - oldGeneratedFile, D:\personal repo\mahmoudnasser\proteus\uart\UART\Core\Src\stm32f1xx_it.c_save
2024-08-30 18:21:06,498 [INFO] CodeEngine:247 - Generated code: D:\personal repo\mahmoudnasser\proteus\uart\UART\Core\Src\stm32f1xx_it.c
2024-08-30 18:21:06,536 [INFO] CodeEngine:229 - oldGeneratedFile, D:\personal repo\mahmoudnasser\proteus\uart\UART\Core\Inc\stm32f1xx_it.h_save
2024-08-30 18:21:06,681 [INFO] CodeEngine:247 - Generated code: D:\personal repo\mahmoudnasser\proteus\uart\UART\Core\Inc\stm32f1xx_it.h
2024-08-30 18:21:06,709 [INFO] CodeEngine:229 - oldGeneratedFile, D:\personal repo\mahmoudnasser\proteus\uart\UART\Core\Src\stm32f1xx_hal_msp.c_save
2024-08-30 18:21:06,886 [INFO] CodeEngine:247 - Generated code: D:\personal repo\mahmoudnasser\proteus\uart\UART\Core\Src\stm32f1xx_hal_msp.c
2024-08-30 18:21:06,929 [INFO] CodeEngine:229 - oldGeneratedFile, D:\personal repo\mahmoudnasser\proteus\uart\UART\MXTmpFiles\system.tmp_save
2024-08-30 18:21:07,015 [INFO] CodeEngine:247 - Generated code: D:\personal repo\mahmoudnasser\proteus\uart\UART\MXTmpFiles\system.tmp
2024-08-30 18:21:07,036 [INFO] CodeEngine:229 - oldGeneratedFile, D:\personal repo\mahmoudnasser\proteus\uart\UART\Core\Inc\stm32f1xx_hal_conf.h_save
2024-08-30 18:21:07,244 [INFO] CodeEngine:247 - Generated code: D:\personal repo\mahmoudnasser\proteus\uart\UART\Core\Inc\stm32f1xx_hal_conf.h
2024-08-30 18:21:07,352 [INFO] CodeEngine:229 - oldGeneratedFile, D:\personal repo\mahmoudnasser\proteus\uart\UART\Core\Inc\main.h_save
2024-08-30 18:21:07,449 [INFO] CodeEngine:247 - Generated code: D:\personal repo\mahmoudnasser\proteus\uart\UART\Core\Inc\main.h
2024-08-30 18:21:07,466 [INFO] CodeEngine:229 - oldGeneratedFile, D:\personal repo\mahmoudnasser\proteus\uart\UART\Core\Src\main.c_save
2024-08-30 18:21:07,687 [INFO] CodeEngine:247 - Generated code: D:\personal repo\mahmoudnasser\proteus\uart\UART\Core\Src\main.c
2024-08-30 18:21:08,380 [INFO] ProjectBuilder:2328 - Time for Copy HAL[1] : 116mS.
2024-08-30 18:21:08,386 [INFO] ProjectBuilder:3259 - Project Generator version: 3.11.0-B13
2024-08-30 18:21:08,882 [INFO] ConfigFileManager:1238 - The Die is : DIE412
2024-08-30 18:21:08,945 [INFO] ApiDbMcu:456 - Load IP Config File for FATFS
2024-08-30 18:21:09,028 [INFO] ApiDbMcu:456 - Load IP Config File for FREERTOS
2024-08-30 18:21:09,089 [INFO] ApiDbMcu:456 - Load IP Config File for USB_DEVICE
2024-08-30 18:21:16,632 [INFO] ProjectBuilder:3425 - Time for Generating toolchain IDE Files: 8246mS.
2024-08-30 18:21:16,633 [INFO] ProjectBuilder:2207 - Time for Copy CMSIS : 1mS.
2024-08-30 18:21:16,634 [INFO] ProjectBuilder:2207 - Time for Copy CMSIS : 0mS.
2024-08-30 18:21:17,711 [INFO] ApiDb:263 - Save user favorites file C:\Users\Dell/.stm32cubeide/favorites.mcus.txt: 0 item(s)
2024-08-30 18:21:17,712 [INFO] ApiDb:267 - User favorites MCUs=[]
2024-08-30 18:24:49,088 [INFO] NvicIntPanel:90 - NVIC parent = com.st.microxplorer.plugins.ip.nvic.MultiNvicIntPanel[,0,0,1095x855,layout=javax.swing.BoxLayout,alignmentX=0.0,alignmentY=0.0,border=,flags=9,maximumSize=,minimumSize=,preferredSize=]
2024-08-30 18:24:51,619 [INFO] NvicIntPanel:90 - NVIC parent = com.st.microxplorer.plugins.ip.nvic.MultiNvicIntPanel[,0,0,0x0,invalid,layout=javax.swing.BoxLayout,alignmentX=0.0,alignmentY=0.0,border=,flags=9,maximumSize=,minimumSize=,preferredSize=]
2024-08-30 18:25:39,163 [INFO] NvicIntPanel:90 - NVIC parent = com.st.microxplorer.plugins.ip.nvic.MultiNvicIntPanel[,0,0,0x0,invalid,layout=javax.swing.BoxLayout,alignmentX=0.0,alignmentY=0.0,border=,flags=9,maximumSize=,minimumSize=,preferredSize=]
2024-08-30 18:25:39,242 [INFO] NvicIntPanel:90 - NVIC parent = com.st.microxplorer.plugins.ip.nvic.MultiNvicIntPanel[,0,0,0x0,invalid,layout=javax.swing.BoxLayout,alignmentX=0.0,alignmentY=0.0,border=,flags=9,maximumSize=,minimumSize=,preferredSize=]
2024-08-30 18:25:42,568 [INFO] UtilMem:74 - End SaveConfig() Used Memory: 780979744 Bytes (1066401792)
2024-08-30 18:25:44,258 [INFO] UtilMem:74 - End SaveConfig() Used Memory: 789455592 Bytes (1066401792)
2024-08-30 18:25:48,698 [INFO] UtilMem:74 - End SaveConfig() Used Memory: 700339168 Bytes (1066401792)
2024-08-30 18:25:48,980 [INFO] BlockDiagram:2735 - set Specific Code input for plugin: NVIC
2024-08-30 18:25:48,980 [INFO] BlockDiagram:2735 - set Specific Code input for plugin: SYS
2024-08-30 18:25:48,980 [INFO] BlockDiagram:2735 - set Specific Code input for plugin: GPIO
2024-08-30 18:25:48,980 [INFO] BlockDiagram:2735 - set Specific Code input for plugin: USART
2024-08-30 18:25:48,980 [INFO] BlockDiagram:2735 - set Specific Code input for plugin: RCC
2024-08-30 18:25:48,980 [INFO] CodeGenerator:639 - code generatio: config db path: C:\Program Files\STM32CubeIDE_1.5.0\STM32CubeIDE\plugins\com.st.stm32cube.common.mx_6.1.0.202011121557\\db\
2024-08-30 18:25:49,377 [INFO] CodeEngine:229 - oldGeneratedFile, D:\personal repo\mahmoudnasser\proteus\uart\UART\MXTmpFiles\license.tmp_save
2024-08-30 18:25:49,648 [INFO] CodeEngine:247 - Generated code: D:\personal repo\mahmoudnasser\proteus\uart\UART\MXTmpFiles\license.tmp
2024-08-30 18:25:49,774 [INFO] CodeEngine:229 - oldGeneratedFile, D:\personal repo\mahmoudnasser\proteus\uart\UART\MXTmpFiles\gpio.tmp_save
2024-08-30 18:25:49,886 [INFO] CodeEngine:247 - Generated code: D:\personal repo\mahmoudnasser\proteus\uart\UART\MXTmpFiles\gpio.tmp
2024-08-30 18:25:49,974 [INFO] LogOutputStream:76 - [STDOUT_REDIRECT] Command line
2024-08-30 18:25:49,996 [INFO] CodeEngine:229 - oldGeneratedFile, D:\personal repo\mahmoudnasser\proteus\uart\UART\Core\Src\stm32f1xx_it.c_save
2024-08-30 18:25:50,216 [INFO] CodeEngine:247 - Generated code: D:\personal repo\mahmoudnasser\proteus\uart\UART\Core\Src\stm32f1xx_it.c
2024-08-30 18:25:50,216 [INFO] CodeEngine:229 - oldGeneratedFile, D:\personal repo\mahmoudnasser\proteus\uart\UART\Core\Inc\stm32f1xx_it.h_save
2024-08-30 18:25:50,435 [INFO] CodeEngine:247 - Generated code: D:\personal repo\mahmoudnasser\proteus\uart\UART\Core\Inc\stm32f1xx_it.h
2024-08-30 18:25:50,476 [INFO] CodeEngine:229 - oldGeneratedFile, D:\personal repo\mahmoudnasser\proteus\uart\UART\Core\Src\stm32f1xx_hal_msp.c_save
2024-08-30 18:25:50,776 [INFO] CodeEngine:247 - Generated code: D:\personal repo\mahmoudnasser\proteus\uart\UART\Core\Src\stm32f1xx_hal_msp.c
2024-08-30 18:25:50,776 [INFO] CodeEngine:229 - oldGeneratedFile, D:\personal repo\mahmoudnasser\proteus\uart\UART\MXTmpFiles\system.tmp_save
2024-08-30 18:25:50,892 [INFO] CodeEngine:247 - Generated code: D:\personal repo\mahmoudnasser\proteus\uart\UART\MXTmpFiles\system.tmp
2024-08-30 18:25:50,923 [INFO] CodeEngine:229 - oldGeneratedFile, D:\personal repo\mahmoudnasser\proteus\uart\UART\Core\Inc\stm32f1xx_hal_conf.h_save
2024-08-30 18:25:51,096 [INFO] CodeEngine:247 - Generated code: D:\personal repo\mahmoudnasser\proteus\uart\UART\Core\Inc\stm32f1xx_hal_conf.h
2024-08-30 18:25:51,158 [INFO] CodeEngine:229 - oldGeneratedFile, D:\personal repo\mahmoudnasser\proteus\uart\UART\Core\Inc\main.h_save
2024-08-30 18:25:51,413 [INFO] CodeEngine:247 - Generated code: D:\personal repo\mahmoudnasser\proteus\uart\UART\Core\Inc\main.h
2024-08-30 18:25:51,441 [INFO] CodeEngine:229 - oldGeneratedFile, D:\personal repo\mahmoudnasser\proteus\uart\UART\Core\Src\main.c_save
2024-08-30 18:25:51,670 [INFO] CodeEngine:247 - Generated code: D:\personal repo\mahmoudnasser\proteus\uart\UART\Core\Src\main.c
2024-08-30 18:25:52,592 [INFO] ProjectBuilder:2328 - Time for Copy HAL[1] : 122mS.
2024-08-30 18:25:52,600 [INFO] ProjectBuilder:3259 - Project Generator version: 3.11.0-B13
2024-08-30 18:25:53,221 [INFO] ConfigFileManager:1238 - The Die is : DIE412
2024-08-30 18:25:56,526 [INFO] ProjectBuilder:3425 - Time for Generating toolchain IDE Files: 3926mS.
2024-08-30 18:25:56,527 [INFO] ProjectBuilder:2207 - Time for Copy CMSIS : 0mS.
2024-08-30 18:25:56,529 [INFO] ProjectBuilder:2207 - Time for Copy CMSIS : 0mS.
